<?xml version="1.0" encoding="UTF-8"?>
<testsuite xmlns:xsi="http://www.w3.org/2001/XMLSchema-instance" xsi:noNamespaceSchemaLocation="https://maven.apache.org/surefire/maven-surefire-plugin/xsd/surefire-test-report.xsd" name="guru.springframework.sfgrestbrewery.SfgRestfulBreweryApplicationTests" time="3.652" tests="1" errors="0" skipped="0" failures="0">
  <properties>
    <property name="java.specification.version" value="17"/>
    <property name="sun.cpu.isalist" value="amd64"/>
    <property name="sun.jnu.encoding" value="Cp1250"/>
    <property name="java.class.path" value="C:\Dev\Training projects\Java\sdjpa-spring-data-rest-main\target\test-classes;C:\Dev\Training projects\Java\sdjpa-spring-data-rest-main\target\classes;C:\Users\Filip\.m2\repository\org\springframework\boot\spring-boot-starter-actuator\3.0.0-M3\spring-boot-starter-actuator-3.0.0-M3.jar;C:\Users\Filip\.m2\repository\org\springframework\boot\spring-boot-starter\3.0.0-M3\spring-boot-starter-3.0.0-M3.jar;C:\Users\Filip\.m2\repository\org\springframework\boot\spring-boot\3.0.0-M3\spring-boot-3.0.0-M3.jar;C:\Users\Filip\.m2\repository\org\springframework\boot\spring-boot-autoconfigure\3.0.0-M3\spring-boot-autoconfigure-3.0.0-M3.jar;C:\Users\Filip\.m2\repository\org\springframework\boot\spring-boot-starter-logging\3.0.0-M3\spring-boot-starter-logging-3.0.0-M3.jar;C:\Users\Filip\.m2\repository\ch\qos\logback\logback-classic\1.2.11\logback-classic-1.2.11.jar;C:\Users\Filip\.m2\repository\ch\qos\logback\logback-core\1.2.11\logback-core-1.2.11.jar;C:\Users\Filip\.m2\repository\org\apache\logging\log4j\log4j-to-slf4j\2.17.2\log4j-to-slf4j-2.17.2.jar;C:\Users\Filip\.m2\repository\org\apache\logging\log4j\log4j-api\2.17.2\log4j-api-2.17.2.jar;C:\Users\Filip\.m2\repository\org\slf4j\jul-to-slf4j\1.7.36\jul-to-slf4j-1.7.36.jar;C:\Users\Filip\.m2\repository\jakarta\annotation\jakarta.annotation-api\2.0.0\jakarta.annotation-api-2.0.0.jar;C:\Users\Filip\.m2\repository\org\yaml\snakeyaml\1.30\snakeyaml-1.30.jar;C:\Users\Filip\.m2\repository\org\springframework\boot\spring-boot-actuator-autoconfigure\3.0.0-M3\spring-boot-actuator-autoconfigure-3.0.0-M3.jar;C:\Users\Filip\.m2\repository\org\springframework\boot\spring-boot-actuator\3.0.0-M3\spring-boot-actuator-3.0.0-M3.jar;C:\Users\Filip\.m2\repository\com\fasterxml\jackson\core\jackson-databind\2.13.3\jackson-databind-2.13.3.jar;C:\Users\Filip\.m2\repository\com\fasterxml\jackson\core\jackson-annotations\2.13.3\jackson-annotations-2.13.3.jar;C:\Users\Filip\.m2\repository\com\fasterxml\jackson\core\jackson-core\2.13.3\jackson-core-2.13.3.jar;C:\Users\Filip\.m2\repository\com\fasterxml\jackson\datatype\jackson-datatype-jsr310\2.13.3\jackson-datatype-jsr310-2.13.3.jar;C:\Users\Filip\.m2\repository\io\micrometer\micrometer-observation\1.10.0-M2\micrometer-observation-1.10.0-M2.jar;C:\Users\Filip\.m2\repository\io\micrometer\micrometer-commons\1.10.0-M2\micrometer-commons-1.10.0-M2.jar;C:\Users\Filip\.m2\repository\io\micrometer\micrometer-core\1.10.0-M2\micrometer-core-1.10.0-M2.jar;C:\Users\Filip\.m2\repository\org\hdrhistogram\HdrHistogram\2.1.12\HdrHistogram-2.1.12.jar;C:\Users\Filip\.m2\repository\org\latencyutils\LatencyUtils\2.0.3\LatencyUtils-2.0.3.jar;C:\Users\Filip\.m2\repository\org\springframework\boot\spring-boot-starter-web\3.0.0-M3\spring-boot-starter-web-3.0.0-M3.jar;C:\Users\Filip\.m2\repository\org\springframework\boot\spring-boot-starter-json\3.0.0-M3\spring-boot-starter-json-3.0.0-M3.jar;C:\Users\Filip\.m2\repository\com\fasterxml\jackson\datatype\jackson-datatype-jdk8\2.13.3\jackson-datatype-jdk8-2.13.3.jar;C:\Users\Filip\.m2\repository\com\fasterxml\jackson\module\jackson-module-parameter-names\2.13.3\jackson-module-parameter-names-2.13.3.jar;C:\Users\Filip\.m2\repository\org\springframework\boot\spring-boot-starter-tomcat\3.0.0-M3\spring-boot-starter-tomcat-3.0.0-M3.jar;C:\Users\Filip\.m2\repository\org\apache\tomcat\embed\tomcat-embed-core\10.0.21\tomcat-embed-core-10.0.21.jar;C:\Users\Filip\.m2\repository\org\apache\tomcat\embed\tomcat-embed-websocket\10.0.21\tomcat-embed-websocket-10.0.21.jar;C:\Users\Filip\.m2\repository\org\springframework\spring-web\6.0.0-M4\spring-web-6.0.0-M4.jar;C:\Users\Filip\.m2\repository\org\springframework\spring-beans\6.0.0-M4\spring-beans-6.0.0-M4.jar;C:\Users\Filip\.m2\repository\org\springframework\spring-webmvc\6.0.0-M4\spring-webmvc-6.0.0-M4.jar;C:\Users\Filip\.m2\repository\org\springframework\spring-aop\6.0.0-M4\spring-aop-6.0.0-M4.jar;C:\Users\Filip\.m2\repository\org\springframework\spring-context\6.0.0-M4\spring-context-6.0.0-M4.jar;C:\Users\Filip\.m2\repository\org\springframework\spring-expression\6.0.0-M4\spring-expression-6.0.0-M4.jar;C:\Users\Filip\.m2\repository\org\springframework\boot\spring-boot-starter-data-jpa\3.0.0-M3\spring-boot-starter-data-jpa-3.0.0-M3.jar;C:\Users\Filip\.m2\repository\org\springframework\boot\spring-boot-starter-aop\3.0.0-M3\spring-boot-starter-aop-3.0.0-M3.jar;C:\Users\Filip\.m2\repository\org\aspectj\aspectjweaver\1.9.9.1\aspectjweaver-1.9.9.1.jar;C:\Users\Filip\.m2\repository\org\springframework\boot\spring-boot-starter-jdbc\3.0.0-M3\spring-boot-starter-jdbc-3.0.0-M3.jar;C:\Users\Filip\.m2\repository\com\zaxxer\HikariCP\5.0.1\HikariCP-5.0.1.jar;C:\Users\Filip\.m2\repository\org\springframework\spring-jdbc\6.0.0-M4\spring-jdbc-6.0.0-M4.jar;C:\Users\Filip\.m2\repository\org\hibernate\hibernate-core-jakarta\5.6.9.Final\hibernate-core-jakarta-5.6.9.Final.jar;C:\Users\Filip\.m2\repository\org\jboss\logging\jboss-logging\3.5.0.Final\jboss-logging-3.5.0.Final.jar;C:\Users\Filip\.m2\repository\jakarta\persistence\jakarta.persistence-api\3.0.0\jakarta.persistence-api-3.0.0.jar;C:\Users\Filip\.m2\repository\net\bytebuddy\byte-buddy\1.12.10\byte-buddy-1.12.10.jar;C:\Users\Filip\.m2\repository\antlr\antlr\2.7.7\antlr-2.7.7.jar;C:\Users\Filip\.m2\repository\jakarta\transaction\jakarta.transaction-api\2.0.1\jakarta.transaction-api-2.0.1.jar;C:\Users\Filip\.m2\repository\org\jboss\jandex\2.4.2.Final\jandex-2.4.2.Final.jar;C:\Users\Filip\.m2\repository\com\fasterxml\classmate\1.5.1\classmate-1.5.1.jar;C:\Users\Filip\.m2\repository\org\dom4j\dom4j\2.1.3\dom4j-2.1.3.jar;C:\Users\Filip\.m2\repository\org\hibernate\common\hibernate-commons-annotations\5.1.2.Final\hibernate-commons-annotations-5.1.2.Final.jar;C:\Users\Filip\.m2\repository\org\glassfish\jaxb\jaxb-runtime\3.0.2\jaxb-runtime-3.0.2.jar;C:\Users\Filip\.m2\repository\org\glassfish\jaxb\jaxb-core\3.0.2\jaxb-core-3.0.2.jar;C:\Users\Filip\.m2\repository\org\glassfish\jaxb\txw2\3.0.2\txw2-3.0.2.jar;C:\Users\Filip\.m2\repository\com\sun\istack\istack-commons-runtime\4.0.1\istack-commons-runtime-4.0.1.jar;C:\Users\Filip\.m2\repository\org\springframework\data\spring-data-jpa\3.0.0-M4\spring-data-jpa-3.0.0-M4.jar;C:\Users\Filip\.m2\repository\org\springframework\data\spring-data-commons\3.0.0-M4\spring-data-commons-3.0.0-M4.jar;C:\Users\Filip\.m2\repository\org\springframework\spring-orm\6.0.0-M4\spring-orm-6.0.0-M4.jar;C:\Users\Filip\.m2\repository\org\springframework\spring-tx\6.0.0-M4\spring-tx-6.0.0-M4.jar;C:\Users\Filip\.m2\repository\org\slf4j\slf4j-api\1.7.36\slf4j-api-1.7.36.jar;C:\Users\Filip\.m2\repository\org\springframework\spring-aspects\6.0.0-M4\spring-aspects-6.0.0-M4.jar;C:\Users\Filip\.m2\repository\org\springframework\boot\spring-boot-starter-validation\3.0.0-M3\spring-boot-starter-validation-3.0.0-M3.jar;C:\Users\Filip\.m2\repository\org\apache\tomcat\embed\tomcat-embed-el\10.0.21\tomcat-embed-el-10.0.21.jar;C:\Users\Filip\.m2\repository\org\hibernate\validator\hibernate-validator\7.0.4.Final\hibernate-validator-7.0.4.Final.jar;C:\Users\Filip\.m2\repository\jakarta\validation\jakarta.validation-api\3.0.1\jakarta.validation-api-3.0.1.jar;C:\Users\Filip\.m2\repository\com\h2database\h2\2.1.212\h2-2.1.212.jar;C:\Users\Filip\.m2\repository\org\projectlombok\lombok\1.18.24\lombok-1.18.24.jar;C:\Users\Filip\.m2\repository\org\springframework\boot\spring-boot-starter-test\3.0.0-M3\spring-boot-starter-test-3.0.0-M3.jar;C:\Users\Filip\.m2\repository\org\springframework\boot\spring-boot-test\3.0.0-M3\spring-boot-test-3.0.0-M3.jar;C:\Users\Filip\.m2\repository\org\springframework\boot\spring-boot-test-autoconfigure\3.0.0-M3\spring-boot-test-autoconfigure-3.0.0-M3.jar;C:\Users\Filip\.m2\repository\com\jayway\jsonpath\json-path\2.7.0\json-path-2.7.0.jar;C:\Users\Filip\.m2\repository\net\minidev\json-smart\2.4.8\json-smart-2.4.8.jar;C:\Users\Filip\.m2\repository\net\minidev\accessors-smart\2.4.8\accessors-smart-2.4.8.jar;C:\Users\Filip\.m2\repository\org\ow2\asm\asm\9.1\asm-9.1.jar;C:\Users\Filip\.m2\repository\jakarta\xml\bind\jakarta.xml.bind-api\3.0.1\jakarta.xml.bind-api-3.0.1.jar;C:\Users\Filip\.m2\repository\com\sun\activation\jakarta.activation\2.0.1\jakarta.activation-2.0.1.jar;C:\Users\Filip\.m2\repository\org\assertj\assertj-core\3.22.0\assertj-core-3.22.0.jar;C:\Users\Filip\.m2\repository\org\hamcrest\hamcrest\2.2\hamcrest-2.2.jar;C:\Users\Filip\.m2\repository\org\junit\jupiter\junit-jupiter\5.8.2\junit-jupiter-5.8.2.jar;C:\Users\Filip\.m2\repository\org\junit\jupiter\junit-jupiter-api\5.8.2\junit-jupiter-api-5.8.2.jar;C:\Users\Filip\.m2\repository\org\opentest4j\opentest4j\1.2.0\opentest4j-1.2.0.jar;C:\Users\Filip\.m2\repository\org\junit\platform\junit-platform-commons\1.8.2\junit-platform-commons-1.8.2.jar;C:\Users\Filip\.m2\repository\org\apiguardian\apiguardian-api\1.1.2\apiguardian-api-1.1.2.jar;C:\Users\Filip\.m2\repository\org\junit\jupiter\junit-jupiter-params\5.8.2\junit-jupiter-params-5.8.2.jar;C:\Users\Filip\.m2\repository\org\junit\jupiter\junit-jupiter-engine\5.8.2\junit-jupiter-engine-5.8.2.jar;C:\Users\Filip\.m2\repository\org\junit\platform\junit-platform-engine\1.8.2\junit-platform-engine-1.8.2.jar;C:\Users\Filip\.m2\repository\org\mockito\mockito-core\4.5.1\mockito-core-4.5.1.jar;C:\Users\Filip\.m2\repository\net\bytebuddy\byte-buddy-agent\1.12.10\byte-buddy-agent-1.12.10.jar;C:\Users\Filip\.m2\repository\org\objenesis\objenesis\3.2\objenesis-3.2.jar;C:\Users\Filip\.m2\repository\org\mockito\mockito-junit-jupiter\4.5.1\mockito-junit-jupiter-4.5.1.jar;C:\Users\Filip\.m2\repository\org\skyscreamer\jsonassert\1.5.0\jsonassert-1.5.0.jar;C:\Users\Filip\.m2\repository\com\vaadin\external\google\android-json\0.0.20131108.vaadin1\android-json-0.0.20131108.vaadin1.jar;C:\Users\Filip\.m2\repository\org\springframework\spring-core\6.0.0-M4\spring-core-6.0.0-M4.jar;C:\Users\Filip\.m2\repository\org\springframework\spring-jcl\6.0.0-M4\spring-jcl-6.0.0-M4.jar;C:\Users\Filip\.m2\repository\org\springframework\spring-test\6.0.0-M4\spring-test-6.0.0-M4.jar;C:\Users\Filip\.m2\repository\org\xmlunit\xmlunit-core\2.9.0\xmlunit-core-2.9.0.jar;"/>
    <property name="java.vm.vendor" value="Amazon.com Inc."/>
    <property name="sun.arch.data.model" value="64"/>
    <property name="user.variant" value=""/>
    <property name="java.vendor.url" value="https://aws.amazon.com/corretto/"/>
    <property name="user.timezone" value="Europe/Warsaw"/>
    <property name="user.country.format" value="US"/>
    <property name="os.name" value="Windows 11"/>
    <property name="java.vm.specification.version" value="17"/>
    <property name="sun.java.launcher" value="SUN_STANDARD"/>
    <property name="user.country" value="PL"/>
    <property name="sun.boot.library.path" value="C:\Program Files\Amazon Corretto\jdk17.0.9_8\bin"/>
    <property name="sun.java.command" value="C:\Users\Filip\AppData\Local\Temp\surefire11773687657467769147\surefirebooter7247868209988740910.jar C:\Users\Filip\AppData\Local\Temp\surefire11773687657467769147 2025-02-23T16-54-27_745-jvmRun1 surefire4376305644990301927tmp surefire_013429038517564846159tmp"/>
    <property name="jdk.debug" value="release"/>
    <property name="surefire.test.class.path" value="C:\Dev\Training projects\Java\sdjpa-spring-data-rest-main\target\test-classes;C:\Dev\Training projects\Java\sdjpa-spring-data-rest-main\target\classes;C:\Users\Filip\.m2\repository\org\springframework\boot\spring-boot-starter-actuator\3.0.0-M3\spring-boot-starter-actuator-3.0.0-M3.jar;C:\Users\Filip\.m2\repository\org\springframework\boot\spring-boot-starter\3.0.0-M3\spring-boot-starter-3.0.0-M3.jar;C:\Users\Filip\.m2\repository\org\springframework\boot\spring-boot\3.0.0-M3\spring-boot-3.0.0-M3.jar;C:\Users\Filip\.m2\repository\org\springframework\boot\spring-boot-autoconfigure\3.0.0-M3\spring-boot-autoconfigure-3.0.0-M3.jar;C:\Users\Filip\.m2\repository\org\springframework\boot\spring-boot-starter-logging\3.0.0-M3\spring-boot-starter-logging-3.0.0-M3.jar;C:\Users\Filip\.m2\repository\ch\qos\logback\logback-classic\1.2.11\logback-classic-1.2.11.jar;C:\Users\Filip\.m2\repository\ch\qos\logback\logback-core\1.2.11\logback-core-1.2.11.jar;C:\Users\Filip\.m2\repository\org\apache\logging\log4j\log4j-to-slf4j\2.17.2\log4j-to-slf4j-2.17.2.jar;C:\Users\Filip\.m2\repository\org\apache\logging\log4j\log4j-api\2.17.2\log4j-api-2.17.2.jar;C:\Users\Filip\.m2\repository\org\slf4j\jul-to-slf4j\1.7.36\jul-to-slf4j-1.7.36.jar;C:\Users\Filip\.m2\repository\jakarta\annotation\jakarta.annotation-api\2.0.0\jakarta.annotation-api-2.0.0.jar;C:\Users\Filip\.m2\repository\org\yaml\snakeyaml\1.30\snakeyaml-1.30.jar;C:\Users\Filip\.m2\repository\org\springframework\boot\spring-boot-actuator-autoconfigure\3.0.0-M3\spring-boot-actuator-autoconfigure-3.0.0-M3.jar;C:\Users\Filip\.m2\repository\org\springframework\boot\spring-boot-actuator\3.0.0-M3\spring-boot-actuator-3.0.0-M3.jar;C:\Users\Filip\.m2\repository\com\fasterxml\jackson\core\jackson-databind\2.13.3\jackson-databind-2.13.3.jar;C:\Users\Filip\.m2\repository\com\fasterxml\jackson\core\jackson-annotations\2.13.3\jackson-annotations-2.13.3.jar;C:\Users\Filip\.m2\repository\com\fasterxml\jackson\core\jackson-core\2.13.3\jackson-core-2.13.3.jar;C:\Users\Filip\.m2\repository\com\fasterxml\jackson\datatype\jackson-datatype-jsr310\2.13.3\jackson-datatype-jsr310-2.13.3.jar;C:\Users\Filip\.m2\repository\io\micrometer\micrometer-observation\1.10.0-M2\micrometer-observation-1.10.0-M2.jar;C:\Users\Filip\.m2\repository\io\micrometer\micrometer-commons\1.10.0-M2\micrometer-commons-1.10.0-M2.jar;C:\Users\Filip\.m2\repository\io\micrometer\micrometer-core\1.10.0-M2\micrometer-core-1.10.0-M2.jar;C:\Users\Filip\.m2\repository\org\hdrhistogram\HdrHistogram\2.1.12\HdrHistogram-2.1.12.jar;C:\Users\Filip\.m2\repository\org\latencyutils\LatencyUtils\2.0.3\LatencyUtils-2.0.3.jar;C:\Users\Filip\.m2\repository\org\springframework\boot\spring-boot-starter-web\3.0.0-M3\spring-boot-starter-web-3.0.0-M3.jar;C:\Users\Filip\.m2\repository\org\springframework\boot\spring-boot-starter-json\3.0.0-M3\spring-boot-starter-json-3.0.0-M3.jar;C:\Users\Filip\.m2\repository\com\fasterxml\jackson\datatype\jackson-datatype-jdk8\2.13.3\jackson-datatype-jdk8-2.13.3.jar;C:\Users\Filip\.m2\repository\com\fasterxml\jackson\module\jackson-module-parameter-names\2.13.3\jackson-module-parameter-names-2.13.3.jar;C:\Users\Filip\.m2\repository\org\springframework\boot\spring-boot-starter-tomcat\3.0.0-M3\spring-boot-starter-tomcat-3.0.0-M3.jar;C:\Users\Filip\.m2\repository\org\apache\tomcat\embed\tomcat-embed-core\10.0.21\tomcat-embed-core-10.0.21.jar;C:\Users\Filip\.m2\repository\org\apache\tomcat\embed\tomcat-embed-websocket\10.0.21\tomcat-embed-websocket-10.0.21.jar;C:\Users\Filip\.m2\repository\org\springframework\spring-web\6.0.0-M4\spring-web-6.0.0-M4.jar;C:\Users\Filip\.m2\repository\org\springframework\spring-beans\6.0.0-M4\spring-beans-6.0.0-M4.jar;C:\Users\Filip\.m2\repository\org\springframework\spring-webmvc\6.0.0-M4\spring-webmvc-6.0.0-M4.jar;C:\Users\Filip\.m2\repository\org\springframework\spring-aop\6.0.0-M4\spring-aop-6.0.0-M4.jar;C:\Users\Filip\.m2\repository\org\springframework\spring-context\6.0.0-M4\spring-context-6.0.0-M4.jar;C:\Users\Filip\.m2\repository\org\springframework\spring-expression\6.0.0-M4\spring-expression-6.0.0-M4.jar;C:\Users\Filip\.m2\repository\org\springframework\boot\spring-boot-starter-data-jpa\3.0.0-M3\spring-boot-starter-data-jpa-3.0.0-M3.jar;C:\Users\Filip\.m2\repository\org\springframework\boot\spring-boot-starter-aop\3.0.0-M3\spring-boot-starter-aop-3.0.0-M3.jar;C:\Users\Filip\.m2\repository\org\aspectj\aspectjweaver\1.9.9.1\aspectjweaver-1.9.9.1.jar;C:\Users\Filip\.m2\repository\org\springframework\boot\spring-boot-starter-jdbc\3.0.0-M3\spring-boot-starter-jdbc-3.0.0-M3.jar;C:\Users\Filip\.m2\repository\com\zaxxer\HikariCP\5.0.1\HikariCP-5.0.1.jar;C:\Users\Filip\.m2\repository\org\springframework\spring-jdbc\6.0.0-M4\spring-jdbc-6.0.0-M4.jar;C:\Users\Filip\.m2\repository\org\hibernate\hibernate-core-jakarta\5.6.9.Final\hibernate-core-jakarta-5.6.9.Final.jar;C:\Users\Filip\.m2\repository\org\jboss\logging\jboss-logging\3.5.0.Final\jboss-logging-3.5.0.Final.jar;C:\Users\Filip\.m2\repository\jakarta\persistence\jakarta.persistence-api\3.0.0\jakarta.persistence-api-3.0.0.jar;C:\Users\Filip\.m2\repository\net\bytebuddy\byte-buddy\1.12.10\byte-buddy-1.12.10.jar;C:\Users\Filip\.m2\repository\antlr\antlr\2.7.7\antlr-2.7.7.jar;C:\Users\Filip\.m2\repository\jakarta\transaction\jakarta.transaction-api\2.0.1\jakarta.transaction-api-2.0.1.jar;C:\Users\Filip\.m2\repository\org\jboss\jandex\2.4.2.Final\jandex-2.4.2.Final.jar;C:\Users\Filip\.m2\repository\com\fasterxml\classmate\1.5.1\classmate-1.5.1.jar;C:\Users\Filip\.m2\repository\org\dom4j\dom4j\2.1.3\dom4j-2.1.3.jar;C:\Users\Filip\.m2\repository\org\hibernate\common\hibernate-commons-annotations\5.1.2.Final\hibernate-commons-annotations-5.1.2.Final.jar;C:\Users\Filip\.m2\repository\org\glassfish\jaxb\jaxb-runtime\3.0.2\jaxb-runtime-3.0.2.jar;C:\Users\Filip\.m2\repository\org\glassfish\jaxb\jaxb-core\3.0.2\jaxb-core-3.0.2.jar;C:\Users\Filip\.m2\repository\org\glassfish\jaxb\txw2\3.0.2\txw2-3.0.2.jar;C:\Users\Filip\.m2\repository\com\sun\istack\istack-commons-runtime\4.0.1\istack-commons-runtime-4.0.1.jar;C:\Users\Filip\.m2\repository\org\springframework\data\spring-data-jpa\3.0.0-M4\spring-data-jpa-3.0.0-M4.jar;C:\Users\Filip\.m2\repository\org\springframework\data\spring-data-commons\3.0.0-M4\spring-data-commons-3.0.0-M4.jar;C:\Users\Filip\.m2\repository\org\springframework\spring-orm\6.0.0-M4\spring-orm-6.0.0-M4.jar;C:\Users\Filip\.m2\repository\org\springframework\spring-tx\6.0.0-M4\spring-tx-6.0.0-M4.jar;C:\Users\Filip\.m2\repository\org\slf4j\slf4j-api\1.7.36\slf4j-api-1.7.36.jar;C:\Users\Filip\.m2\repository\org\springframework\spring-aspects\6.0.0-M4\spring-aspects-6.0.0-M4.jar;C:\Users\Filip\.m2\repository\org\springframework\boot\spring-boot-starter-validation\3.0.0-M3\spring-boot-starter-validation-3.0.0-M3.jar;C:\Users\Filip\.m2\repository\org\apache\tomcat\embed\tomcat-embed-el\10.0.21\tomcat-embed-el-10.0.21.jar;C:\Users\Filip\.m2\repository\org\hibernate\validator\hibernate-validator\7.0.4.Final\hibernate-validator-7.0.4.Final.jar;C:\Users\Filip\.m2\repository\jakarta\validation\jakarta.validation-api\3.0.1\jakarta.validation-api-3.0.1.jar;C:\Users\Filip\.m2\repository\com\h2database\h2\2.1.212\h2-2.1.212.jar;C:\Users\Filip\.m2\repository\org\projectlombok\lombok\1.18.24\lombok-1.18.24.jar;C:\Users\Filip\.m2\repository\org\springframework\boot\spring-boot-starter-test\3.0.0-M3\spring-boot-starter-test-3.0.0-M3.jar;C:\Users\Filip\.m2\repository\org\springframework\boot\spring-boot-test\3.0.0-M3\spring-boot-test-3.0.0-M3.jar;C:\Users\Filip\.m2\repository\org\springframework\boot\spring-boot-test-autoconfigure\3.0.0-M3\spring-boot-test-autoconfigure-3.0.0-M3.jar;C:\Users\Filip\.m2\repository\com\jayway\jsonpath\json-path\2.7.0\json-path-2.7.0.jar;C:\Users\Filip\.m2\repository\net\minidev\json-smart\2.4.8\json-smart-2.4.8.jar;C:\Users\Filip\.m2\repository\net\minidev\accessors-smart\2.4.8\accessors-smart-2.4.8.jar;C:\Users\Filip\.m2\repository\org\ow2\asm\asm\9.1\asm-9.1.jar;C:\Users\Filip\.m2\repository\jakarta\xml\bind\jakarta.xml.bind-api\3.0.1\jakarta.xml.bind-api-3.0.1.jar;C:\Users\Filip\.m2\repository\com\sun\activation\jakarta.activation\2.0.1\jakarta.activation-2.0.1.jar;C:\Users\Filip\.m2\repository\org\assertj\assertj-core\3.22.0\assertj-core-3.22.0.jar;C:\Users\Filip\.m2\repository\org\hamcrest\hamcrest\2.2\hamcrest-2.2.jar;C:\Users\Filip\.m2\repository\org\junit\jupiter\junit-jupiter\5.8.2\junit-jupiter-5.8.2.jar;C:\Users\Filip\.m2\repository\org\junit\jupiter\junit-jupiter-api\5.8.2\junit-jupiter-api-5.8.2.jar;C:\Users\Filip\.m2\repository\org\opentest4j\opentest4j\1.2.0\opentest4j-1.2.0.jar;C:\Users\Filip\.m2\repository\org\junit\platform\junit-platform-commons\1.8.2\junit-platform-commons-1.8.2.jar;C:\Users\Filip\.m2\repository\org\apiguardian\apiguardian-api\1.1.2\apiguardian-api-1.1.2.jar;C:\Users\Filip\.m2\repository\org\junit\jupiter\junit-jupiter-params\5.8.2\junit-jupiter-params-5.8.2.jar;C:\Users\Filip\.m2\repository\org\junit\jupiter\junit-jupiter-engine\5.8.2\junit-jupiter-engine-5.8.2.jar;C:\Users\Filip\.m2\repository\org\junit\platform\junit-platform-engine\1.8.2\junit-platform-engine-1.8.2.jar;C:\Users\Filip\.m2\repository\org\mockito\mockito-core\4.5.1\mockito-core-4.5.1.jar;C:\Users\Filip\.m2\repository\net\bytebuddy\byte-buddy-agent\1.12.10\byte-buddy-agent-1.12.10.jar;C:\Users\Filip\.m2\repository\org\objenesis\objenesis\3.2\objenesis-3.2.jar;C:\Users\Filip\.m2\repository\org\mockito\mockito-junit-jupiter\4.5.1\mockito-junit-jupiter-4.5.1.jar;C:\Users\Filip\.m2\repository\org\skyscreamer\jsonassert\1.5.0\jsonassert-1.5.0.jar;C:\Users\Filip\.m2\repository\com\vaadin\external\google\android-json\0.0.20131108.vaadin1\android-json-0.0.20131108.vaadin1.jar;C:\Users\Filip\.m2\repository\org\springframework\spring-core\6.0.0-M4\spring-core-6.0.0-M4.jar;C:\Users\Filip\.m2\repository\org\springframework\spring-jcl\6.0.0-M4\spring-jcl-6.0.0-M4.jar;C:\Users\Filip\.m2\repository\org\springframework\spring-test\6.0.0-M4\spring-test-6.0.0-M4.jar;C:\Users\Filip\.m2\repository\org\xmlunit\xmlunit-core\2.9.0\xmlunit-core-2.9.0.jar;"/>
    <property name="sun.cpu.endian" value="little"/>
    <property name="user.home" value="C:\Users\Filip"/>
    <property name="user.language" value="pl"/>
    <property name="java.specification.vendor" value="Oracle Corporation"/>
    <property name="java.version.date" value="2023-10-17"/>
    <property name="java.home" value="C:\Program Files\Amazon Corretto\jdk17.0.9_8"/>
    <property name="file.separator" value="\"/>
    <property name="basedir" value="C:\Dev\Training projects\Java\sdjpa-spring-data-rest-main"/>
    <property name="java.vm.compressedOopsMode" value="Zero based"/>
    <property name="line.separator" value="&#10;"/>
    <property name="java.vm.specification.vendor" value="Oracle Corporation"/>
    <property name="java.specification.name" value="Java Platform API Specification"/>
    <property name="surefire.real.class.path" value="C:\Users\Filip\AppData\Local\Temp\surefire11773687657467769147\surefirebooter7247868209988740910.jar"/>
    <property name="user.script" value=""/>
    <property name="sun.management.compiler" value="HotSpot 64-Bit Tiered Compilers"/>
    <property name="java.runtime.version" value="17.0.9+8-LTS"/>
    <property name="user.name" value="Filip"/>
    <property name="path.separator" value=";"/>
    <property name="os.version" value="10.0"/>
    <property name="java.runtime.name" value="OpenJDK Runtime Environment"/>
    <property name="file.encoding" value="Cp1250"/>
    <property name="java.vm.name" value="OpenJDK 64-Bit Server VM"/>
    <property name="java.vendor.version" value="Corretto-17.0.9.8.1"/>
    <property name="localRepository" value="C:\Users\Filip\.m2\repository"/>
    <property name="java.vendor.url.bug" value="https://github.com/corretto/corretto-17/issues/"/>
    <property name="java.io.tmpdir" value="C:\Users\Filip\AppData\Local\Temp\"/>
    <property name="idea.version" value="2024.3.2.2"/>
    <property name="java.version" value="17.0.9"/>
    <property name="user.dir" value="C:\Dev\Training projects\Java\sdjpa-spring-data-rest-main"/>
    <property name="os.arch" value="amd64"/>
    <property name="java.vm.specification.name" value="Java Virtual Machine Specification"/>
    <property name="user.language.format" value="en"/>
    <property name="sun.os.patch.level" value=""/>
    <property name="native.encoding" value="Cp1250"/>
    <property name="java.library.path" value="C:\Program Files\Amazon Corretto\jdk17.0.9_8\bin;C:\WINDOWS\Sun\Java\bin;C:\WINDOWS\system32;C:\WINDOWS;C:\Python313\Scripts\;C:\Python313\;C:\Program Files (x86)\Razer Chroma SDK\bin;C:\Program Files\Razer Chroma SDK\bin;C:\Python312\Scripts\;C:\Python312\;C:\Program Files\Common Files\Oracle\Java\javapath;C:\Program Files (x86)\Razer\ChromaBroadcast\bin;C:\Program Files\Razer\ChromaBroadcast\bin;C:\Program Files\Amazon Corretto\jdk17.0.9_8\bin;C:\Windows\system32;C:\Windows;C:\Windows\System32\Wbem;C:\Windows\System32\WindowsPowerShell\v1.0\;C:\Windows\System32\OpenSSH\;C:\Program Files (x86)\NVIDIA Corporation\PhysX\Common;C:\Program Files\apache-maven-3.8.8\bin;C:\Users\Filip\AppData\Local\Microsoft\WindowsApps;C:\Program Files\JetBrains\IntelliJ IDEA Community Edition 2022.3.1\bin;C:\Users\Filip\AppData\Local\Programs\Microsoft VS Code\bin;C:\Program Files\JetBrains\PyCharm Community Edition 2023.2\bin;C:\Program Files\Git\cmd;C:\Program Files\Microsoft SQL Server\150\Tools\Binn\;C:\Program Files\NASM;C:\MinGW\bin;C:\Program Files\Docker\Docker\resources\bin;C:\Program Files\Go\bin;C:\Program Files\Neovim\bin;C:\ProgramData\chocolatey\bin;C:\Windows\system32\config\systemprofile\AppData\Local\Microsoft\WindowsApps;C:\WINDOWS\system32;C:\WINDOWS;C:\WINDOWS\System32\Wbem;C:\WINDOWS\System32\WindowsPowerShell\v1.0\;C:\WINDOWS\System32\OpenSSH\;C:\Program Files\NVIDIA Corporation\NVIDIA app\NvDLISR;C:\Dev\apache-maven-3.9.9\bin;C:\Users\Filip\AppData\Local\nvm;C:\nvm4w\nodejs;C:\Program Files\WezTerm;C:\Dev\gradle-8.12.1\bin;C:\Program Files\dotnet\;C:\Program Files\nodejs\;C:\Users\Filip\AppData\Local\Microsoft\WindowsApps;C:\Program Files\JetBrains\IntelliJ IDEA Community Edition 2022.3.1\bin;C:\Users\Filip\AppData\Local\Programs\Microsoft VS Code\bin;C:\Program Files\JetBrains\PyCharm Community Edition 2023.2\bin;C:\Program Files\JetBrains\RustRover 2024.1.6\bin;C:\Users\Filip\go\bin;C:\Users\Filip\AppData\Local\gitkraken\bin;C:\Program Files\JetBrains\CLion 2022.2\bin;;C:\Users\Filip\.dotnet\tools;C:\Users\Filip\AppData\Local\Microsoft\WindowsApps;C:\Users\Filip\AppData\Local\nvm;C:\nvm4w\nodejs;C:\Users\Filip\AppData\Roaming\npm;C:\Program Files\JetBrains\JetBrains Rider 2024.3.5\bin;;."/>
    <property name="java.vm.info" value="mixed mode, sharing"/>
    <property name="java.vendor" value="Amazon.com Inc."/>
    <property name="java.vm.version" value="17.0.9+8-LTS"/>
    <property name="sun.io.unicode.encoding" value="UnicodeLittle"/>
    <property name="java.class.version" value="61.0"/>
  </properties>
  <testcase name="contextLoads" classname="guru.springframework.sfgrestbrewery.SfgRestfulBreweryApplicationTests" time="0.107"/>
</testsuite>